Analysis & Synthesis report for mp3player
Thu Nov 17 15:46:59 2022
Quartus Prime Version 18.1.0 Build 625 09/12/2018 SJ Lite Edition


---------------------
; Table of Contents ;
---------------------
  1. Legal Notice
  2. Analysis & Synthesis Summary
  3. Analysis & Synthesis Settings
  4. Parallel Compilation
  5. Analysis & Synthesis Messages
  6. Analysis & Synthesis Suppressed Messages



----------------
; Legal Notice ;
----------------
Copyright (C) 2018  Intel Corporation. All rights reserved.
Your use of Intel Corporation's design tools, logic functions 
and other software and tools, and its AMPP partner logic 
functions, and any output files from any of the foregoing 
(including device programming or simulation files), and any 
associated documentation or information are expressly subject 
to the terms and conditions of the Intel Program License 
Subscription Agreement, the Intel Quartus Prime License Agreement,
the Intel FPGA IP License Agreement, or other applicable license
agreement, including, without limitation, that your use is for
the sole purpose of programming logic devices manufactured by
Intel and sold by Intel or its authorized distributors.  Please
refer to the applicable agreement for further details.



+----------------------------------------------------------------------------------+
; Analysis & Synthesis Summary                                                     ;
+------------------------------------+---------------------------------------------+
; Analysis & Synthesis Status        ; Failed - Thu Nov 17 15:46:59 2022           ;
; Quartus Prime Version              ; 18.1.0 Build 625 09/12/2018 SJ Lite Edition ;
; Revision Name                      ; mp3player                                   ;
; Top-level Entity Name              ; lab61                                       ;
; Family                             ; MAX 10                                      ;
; Total logic elements               ; N/A until Partition Merge                   ;
;     Total combinational functions  ; N/A until Partition Merge                   ;
;     Dedicated logic registers      ; N/A until Partition Merge                   ;
; Total registers                    ; N/A until Partition Merge                   ;
; Total pins                         ; N/A until Partition Merge                   ;
; Total virtual pins                 ; N/A until Partition Merge                   ;
; Total memory bits                  ; N/A until Partition Merge                   ;
; Embedded Multiplier 9-bit elements ; N/A until Partition Merge                   ;
; Total PLLs                         ; N/A until Partition Merge                   ;
; UFM blocks                         ; N/A until Partition Merge                   ;
; ADC blocks                         ; N/A until Partition Merge                   ;
+------------------------------------+---------------------------------------------+


+------------------------------------------------------------------------------------------------------------+
; Analysis & Synthesis Settings                                                                              ;
+------------------------------------------------------------------+--------------------+--------------------+
; Option                                                           ; Setting            ; Default Value      ;
+------------------------------------------------------------------+--------------------+--------------------+
; Device                                                           ; 10M08DAF484C8G     ;                    ;
; Top-level entity name                                            ; lab61              ; mp3player          ;
; Family name                                                      ; MAX 10             ; Cyclone V          ;
; Use smart compilation                                            ; Off                ; Off                ;
; Enable parallel Assembler and Timing Analyzer during compilation ; On                 ; On                 ;
; Enable compact report table                                      ; Off                ; Off                ;
; Restructure Multiplexers                                         ; Auto               ; Auto               ;
; Create Debugging Nodes for IP Cores                              ; Off                ; Off                ;
; Preserve fewer node names                                        ; On                 ; On                 ;
; Intel FPGA IP Evaluation Mode                                    ; Enable             ; Enable             ;
; Verilog Version                                                  ; Verilog_2001       ; Verilog_2001       ;
; VHDL Version                                                     ; VHDL_1993          ; VHDL_1993          ;
; State Machine Processing                                         ; Auto               ; Auto               ;
; Safe State Machine                                               ; Off                ; Off                ;
; Extract Verilog State Machines                                   ; On                 ; On                 ;
; Extract VHDL State Machines                                      ; On                 ; On                 ;
; Ignore Verilog initial constructs                                ; Off                ; Off                ;
; Iteration limit for constant Verilog loops                       ; 5000               ; 5000               ;
; Iteration limit for non-constant Verilog loops                   ; 250                ; 250                ;
; Add Pass-Through Logic to Inferred RAMs                          ; On                 ; On                 ;
; Infer RAMs from Raw Logic                                        ; On                 ; On                 ;
; Parallel Synthesis                                               ; On                 ; On                 ;
; DSP Block Balancing                                              ; Auto               ; Auto               ;
; NOT Gate Push-Back                                               ; On                 ; On                 ;
; Power-Up Don't Care                                              ; On                 ; On                 ;
; Remove Redundant Logic Cells                                     ; Off                ; Off                ;
; Remove Duplicate Registers                                       ; On                 ; On                 ;
; Ignore CARRY Buffers                                             ; Off                ; Off                ;
; Ignore CASCADE Buffers                                           ; Off                ; Off                ;
; Ignore GLOBAL Buffers                                            ; Off                ; Off                ;
; Ignore ROW GLOBAL Buffers                                        ; Off                ; Off                ;
; Ignore LCELL Buffers                                             ; Off                ; Off                ;
; Ignore SOFT Buffers                                              ; On                 ; On                 ;
; Limit AHDL Integers to 32 Bits                                   ; Off                ; Off                ;
; Optimization Technique                                           ; Balanced           ; Balanced           ;
; Carry Chain Length                                               ; 70                 ; 70                 ;
; Auto Carry Chains                                                ; On                 ; On                 ;
; Auto Open-Drain Pins                                             ; On                 ; On                 ;
; Perform WYSIWYG Primitive Resynthesis                            ; Off                ; Off                ;
; Auto ROM Replacement                                             ; On                 ; On                 ;
; Auto RAM Replacement                                             ; On                 ; On                 ;
; Auto DSP Block Replacement                                       ; On                 ; On                 ;
; Auto Shift Register Replacement                                  ; Auto               ; Auto               ;
; Allow Shift Register Merging across Hierarchies                  ; Auto               ; Auto               ;
; Auto Clock Enable Replacement                                    ; On                 ; On                 ;
; Strict RAM Replacement                                           ; Off                ; Off                ;
; Allow Synchronous Control Signals                                ; On                 ; On                 ;
; Force Use of Synchronous Clear Signals                           ; Off                ; Off                ;
; Auto RAM Block Balancing                                         ; On                 ; On                 ;
; Auto RAM to Logic Cell Conversion                                ; Off                ; Off                ;
; Auto Resource Sharing                                            ; Off                ; Off                ;
; Allow Any RAM Size For Recognition                               ; Off                ; Off                ;
; Allow Any ROM Size For Recognition                               ; Off                ; Off                ;
; Allow Any Shift Register Size For Recognition                    ; Off                ; Off                ;
; Use LogicLock Constraints during Resource Balancing              ; On                 ; On                 ;
; Ignore translate_off and synthesis_off directives                ; Off                ; Off                ;
; Timing-Driven Synthesis                                          ; On                 ; On                 ;
; Report Parameter Settings                                        ; On                 ; On                 ;
; Report Source Assignments                                        ; On                 ; On                 ;
; Report Connectivity Checks                                       ; On                 ; On                 ;
; Ignore Maximum Fan-Out Assignments                               ; Off                ; Off                ;
; Synchronization Register Chain Length                            ; 2                  ; 2                  ;
; Power Optimization During Synthesis                              ; Normal compilation ; Normal compilation ;
; HDL message level                                                ; Level2             ; Level2             ;
; Suppress Register Optimization Related Messages                  ; Off                ; Off                ;
; Number of Removed Registers Reported in Synthesis Report         ; 5000               ; 5000               ;
; Number of Swept Nodes Reported in Synthesis Report               ; 5000               ; 5000               ;
; Number of Inverted Registers Reported in Synthesis Report        ; 100                ; 100                ;
; Clock MUX Protection                                             ; On                 ; On                 ;
; Auto Gated Clock Conversion                                      ; Off                ; Off                ;
; Block Design Naming                                              ; Auto               ; Auto               ;
; SDC constraint protection                                        ; Off                ; Off                ;
; Synthesis Effort                                                 ; Auto               ; Auto               ;
; Shift Register Replacement - Allow Asynchronous Clear Signal     ; On                 ; On                 ;
; Pre-Mapping Resynthesis Optimization                             ; Off                ; Off                ;
; Analysis & Synthesis Message Level                               ; Medium             ; Medium             ;
; Disable Register Merging Across Hierarchies                      ; Auto               ; Auto               ;
; Resource Aware Inference For Block RAM                           ; On                 ; On                 ;
+------------------------------------------------------------------+--------------------+--------------------+


+------------------------------------------+
; Parallel Compilation                     ;
+----------------------------+-------------+
; Processors                 ; Number      ;
+----------------------------+-------------+
; Number detected on machine ; 4           ;
; Maximum allowed            ; 2           ;
;                            ;             ;
; Average used               ; 1.00        ;
; Maximum used               ; 1           ;
;                            ;             ;
; Usage by Processor         ; % Time Used ;
;     Processor 1            ; 100.0%      ;
+----------------------------+-------------+


+-------------------------------+
; Analysis & Synthesis Messages ;
+-------------------------------+
Info: *******************************************************************
Info: Running Quartus Prime Analysis & Synthesis
    Info: Version 18.1.0 Build 625 09/12/2018 SJ Lite Edition
    Info: Processing started: Thu Nov 17 15:45:47 2022
Info: Command: quartus_map --read_settings_files=on --write_settings_files=off mp3player -c mp3player
Warning (125092): Tcl Script File lab61soc.qip not found
    Info (125063): set_global_assignment -name QIP_FILE lab61soc.qip
Warning (18236): Number of processors has not been specified which may cause overloading on shared machines.  Set the global assignment NUM_PARALLEL_PROCESSORS in your QSF to an appropriate value for best performance.
Info (20030): Parallel compilation is enabled and will use 2 of the 2 processors detected
Info (12248): Elaborating Platform Designer system entity "mp3player_soc.qsys"
Info (12250): 2022.11.17.15:46:12 Progress: Loading MP3Player/mp3player_soc.qsys
Info (12250): 2022.11.17.15:46:13 Progress: Reading input file
Info (12250): 2022.11.17.15:46:14 Progress: Adding altpll_0 [altpll 18.1]
Info (12250): 2022.11.17.15:46:17 Progress: Parameterizing module altpll_0
Info (12250): 2022.11.17.15:46:17 Progress: Adding clk_0 [clock_source 18.1]
Info (12250): 2022.11.17.15:46:17 Progress: Parameterizing module clk_0
Info (12250): 2022.11.17.15:46:17 Progress: Adding i2c_0 [altera_avalon_i2c 18.1]
Info (12250): 2022.11.17.15:46:19 Progress: Parameterizing module i2c_0
Info (12250): 2022.11.17.15:46:19 Progress: Adding nios2_gen2_0 [altera_nios2_gen2 18.1]
Info (12250): 2022.11.17.15:46:19 Progress: Parameterizing module nios2_gen2_0
Info (12250): 2022.11.17.15:46:19 Progress: Adding onchip_memory2_0 [altera_avalon_onchip_memory2 18.1]
Info (12250): 2022.11.17.15:46:19 Progress: Parameterizing module onchip_memory2_0
Info (12250): 2022.11.17.15:46:19 Progress: Adding sdram [altera_avalon_new_sdram_controller 18.1]
Info (12250): 2022.11.17.15:46:19 Progress: Parameterizing module sdram
Info (12250): 2022.11.17.15:46:19 Progress: Adding sysid_qsys_0 [altera_avalon_sysid_qsys 18.1]
Info (12250): 2022.11.17.15:46:19 Progress: Parameterizing module sysid_qsys_0
Info (12250): 2022.11.17.15:46:19 Progress: Building connections
Info (12250): 2022.11.17.15:46:19 Progress: Parameterizing connections
Info (12250): 2022.11.17.15:46:19 Progress: Validating
Info (12250): 2022.11.17.15:46:21 Progress: Done reading input file
Info (12250): Mp3player_soc.sdram: SDRAM Controller will only be supported in Quartus Prime Standard Edition in the future release.
Info (12250): Mp3player_soc.sysid_qsys_0: System ID is not assigned automatically. Edit the System ID parameter to provide a unique ID
Info (12250): Mp3player_soc.sysid_qsys_0: Time stamp will be automatically updated when this component is generated.
Info (12250): Mp3player_soc: Generating mp3player_soc "mp3player_soc" for QUARTUS_SYNTH
Info (12250): Inserting clock-crossing logic between cmd_demux.src5 and cmd_mux_005.sink0
Info (12250): Inserting clock-crossing logic between cmd_demux_001.src5 and cmd_mux_005.sink1
Info (12250): Inserting clock-crossing logic between rsp_demux_005.src0 and rsp_mux.sink5
Info (12250): Inserting clock-crossing logic between rsp_demux_005.src1 and rsp_mux_001.sink5
Info (12250): Altpll_0: "mp3player_soc" instantiated altpll "altpll_0"
Info (12250): I2c_0: "mp3player_soc" instantiated altera_avalon_i2c "i2c_0"
Info (12250): Nios2_gen2_0: "mp3player_soc" instantiated altera_nios2_gen2 "nios2_gen2_0"
Info (12250): Onchip_memory2_0: Starting RTL generation for module 'mp3player_soc_onchip_memory2_0'
Info (12250): Onchip_memory2_0:   Generation command is [exec C:/intelfpga_lite/18.1/quartus/bin64/perl/bin/perl.exe -I C:/intelfpga_lite/18.1/quartus/bin64/perl/lib -I C:/intelfpga_lite/18.1/quartus/sopc_builder/bin/europa -I C:/intelfpga_lite/18.1/quartus/sopc_builder/bin/perl_lib -I C:/intelfpga_lite/18.1/quartus/sopc_builder/bin -I C:/intelfpga_lite/18.1/quartus/../ip/altera/sopc_builder_ip/common -I C:/intelfpga_lite/18.1/quartus/../ip/altera/sopc_builder_ip/altera_avalon_onchip_memory2 -- C:/intelfpga_lite/18.1/quartus/../ip/altera/sopc_builder_ip/altera_avalon_onchip_memory2/generate_rtl.pl --name=mp3player_soc_onchip_memory2_0 --dir=C:/Users/tofu42/AppData/Local/Temp/alt9313_7074250175849665765.dir/0005_onchip_memory2_0_gen/ --quartus_dir=C:/intelfpga_lite/18.1/quartus --verilog --config=C:/Users/tofu42/AppData/Local/Temp/alt9313_7074250175849665765.dir/0005_onchip_memory2_0_gen//mp3player_soc_onchip_memory2_0_component_configuration.pl  --do_build_sim=0  ]
Info (12250): Onchip_memory2_0: Done RTL generation for module 'mp3player_soc_onchip_memory2_0'
Info (12250): Onchip_memory2_0: "mp3player_soc" instantiated altera_avalon_onchip_memory2 "onchip_memory2_0"
Info (12250): Sdram: Starting RTL generation for module 'mp3player_soc_sdram'
Info (12250): Sdram:   Generation command is [exec C:/intelfpga_lite/18.1/quartus/bin64/perl/bin/perl.exe -I C:/intelfpga_lite/18.1/quartus/bin64/perl/lib -I C:/intelfpga_lite/18.1/quartus/sopc_builder/bin/europa -I C:/intelfpga_lite/18.1/quartus/sopc_builder/bin/perl_lib -I C:/intelfpga_lite/18.1/quartus/sopc_builder/bin -I C:/intelfpga_lite/18.1/quartus/../ip/altera/sopc_builder_ip/common -I C:/intelfpga_lite/18.1/quartus/../ip/altera/sopc_builder_ip/altera_avalon_new_sdram_controller -- C:/intelfpga_lite/18.1/quartus/../ip/altera/sopc_builder_ip/altera_avalon_new_sdram_controller/generate_rtl.pl --name=mp3player_soc_sdram --dir=C:/Users/tofu42/AppData/Local/Temp/alt9313_7074250175849665765.dir/0006_sdram_gen/ --quartus_dir=C:/intelfpga_lite/18.1/quartus --verilog --config=C:/Users/tofu42/AppData/Local/Temp/alt9313_7074250175849665765.dir/0006_sdram_gen//mp3player_soc_sdram_component_configuration.pl  --do_build_sim=0  ]
Info (12250): Sdram: Done RTL generation for module 'mp3player_soc_sdram'
Info (12250): Sdram: "mp3player_soc" instantiated altera_avalon_new_sdram_controller "sdram"
Info (12250): Sysid_qsys_0: "mp3player_soc" instantiated altera_avalon_sysid_qsys "sysid_qsys_0"
Info (12250): Avalon_st_adapter: Inserting error_adapter: error_adapter_0
Info (12250): Avalon_st_adapter_001: Inserting error_adapter: error_adapter_0
Info (12250): Avalon_st_adapter_002: Inserting error_adapter: error_adapter_0
Info (12250): Avalon_st_adapter_003: Inserting error_adapter: error_adapter_0
Info (12250): Avalon_st_adapter_004: Inserting error_adapter: error_adapter_0
Info (12250): Avalon_st_adapter_005: Inserting error_adapter: error_adapter_0
Info (12250): Mm_interconnect_0: "mp3player_soc" instantiated altera_mm_interconnect "mm_interconnect_0"
Info (12250): Irq_mapper: "mp3player_soc" instantiated altera_irq_mapper "irq_mapper"
Info (12250): Rst_controller: "mp3player_soc" instantiated altera_reset_controller "rst_controller"
Info (12250): Cpu: Starting RTL generation for module 'mp3player_soc_nios2_gen2_0_cpu'
Info (12250): Cpu:   Generation command is [exec C:/intelFPGA_lite/18.1/quartus/bin64//eperlcmd.exe -I C:/intelFPGA_lite/18.1/quartus/bin64//perl/lib -I C:/intelfpga_lite/18.1/quartus/sopc_builder/bin/europa -I C:/intelfpga_lite/18.1/quartus/sopc_builder/bin/perl_lib -I C:/intelfpga_lite/18.1/quartus/sopc_builder/bin -I C:/intelfpga_lite/18.1/quartus/../ip/altera/nios2_ip/altera_nios2_gen2/cpu_lib -I C:/intelfpga_lite/18.1/quartus/../ip/altera/nios2_ip/altera_nios2_gen2/nios_lib -I C:/intelfpga_lite/18.1/quartus/../ip/altera/nios2_ip/altera_nios2_gen2 -I C:/intelfpga_lite/18.1/quartus/../ip/altera/nios2_ip/altera_nios2_gen2 -- C:/intelfpga_lite/18.1/quartus/../ip/altera/nios2_ip/altera_nios2_gen2/generate_rtl.epl --name=mp3player_soc_nios2_gen2_0_cpu --dir=C:/Users/tofu42/AppData/Local/Temp/alt9313_7074250175849665765.dir/0010_cpu_gen/ --quartus_bindir=C:/intelFPGA_lite/18.1/quartus/bin64/ --verilog --config=C:/Users/tofu42/AppData/Local/Temp/alt9313_7074250175849665765.dir/0010_cpu_gen//mp3player_soc_nios2_gen2_0_cpu_processor_configuration.pl  --do_build_sim=0  ]
Info (12250): Cpu: # 2022.11.17 15:46:51 (*) Starting Nios II generation
Info (12250): Cpu: # 2022.11.17 15:46:51 (*)   Checking for plaintext license.
Info (12250): Cpu: # 2022.11.17 15:46:51 (*)   Couldn't query license setup in Quartus directory C:/intelFPGA_lite/18.1/quartus/bin64/
Info (12250): Cpu: # 2022.11.17 15:46:51 (*)   Defaulting to contents of LM_LICENSE_FILE environment variable
Info (12250): Cpu: # 2022.11.17 15:46:51 (*)   LM_LICENSE_FILE environment variable is empty
Info (12250): Cpu: # 2022.11.17 15:46:51 (*)   Plaintext license not found.
Info (12250): Cpu: # 2022.11.17 15:46:51 (*)   No license required to generate encrypted Nios II/e.
Info (12250): Cpu: # 2022.11.17 15:46:51 (*)   Elaborating CPU configuration settings
Info (12250): Cpu: # 2022.11.17 15:46:51 (*)   Creating all objects for CPU
Info (12250): Cpu: # 2022.11.17 15:46:53 (*)   Generating RTL from CPU objects
Info (12250): Cpu: # 2022.11.17 15:46:53 (*)   Creating plain-text RTL
Info (12250): Cpu: # 2022.11.17 15:46:54 (*) Done Nios II generation
Info (12250): Cpu: Done RTL generation for module 'mp3player_soc_nios2_gen2_0_cpu'
Info (12250): Cpu: "nios2_gen2_0" instantiated altera_nios2_gen2_unit "cpu"
Info (12250): Nios2_gen2_0_data_master_translator: "mm_interconnect_0" instantiated altera_merlin_master_translator "nios2_gen2_0_data_master_translator"
Info (12250): Sysid_qsys_0_control_slave_translator: "mm_interconnect_0" instantiated altera_merlin_slave_translator "sysid_qsys_0_control_slave_translator"
Info (12250): Nios2_gen2_0_data_master_agent: "mm_interconnect_0" instantiated altera_merlin_master_agent "nios2_gen2_0_data_master_agent"
Info (12250): Sysid_qsys_0_control_slave_agent: "mm_interconnect_0" instantiated altera_merlin_slave_agent "sysid_qsys_0_control_slave_agent"
Info (12250): Sysid_qsys_0_control_slave_agent_rsp_fifo: "mm_interconnect_0" instantiated altera_avalon_sc_fifo "sysid_qsys_0_control_slave_agent_rsp_fifo"
Info (12250): Router: "mm_interconnect_0" instantiated altera_merlin_router "router"
Info (12250): Router_002: "mm_interconnect_0" instantiated altera_merlin_router "router_002"
Info (12250): Router_007: "mm_interconnect_0" instantiated altera_merlin_router "router_007"
Info (12250): Sdram_s1_burst_adapter: "mm_interconnect_0" instantiated altera_merlin_burst_adapter "sdram_s1_burst_adapter"
Info (12250): Cmd_demux: "mm_interconnect_0" instantiated altera_merlin_demultiplexer "cmd_demux"
Info (12250): Cmd_mux: "mm_interconnect_0" instantiated altera_merlin_multiplexer "cmd_mux"
Info (12250): Rsp_demux: "mm_interconnect_0" instantiated altera_merlin_demultiplexer "rsp_demux"
Info (12250): Rsp_mux: "mm_interconnect_0" instantiated altera_merlin_multiplexer "rsp_mux"
Info (12250): Reusing file C:/Users/tofu42/Documents/MP3Player/db/ip/mp3player_soc/submodules/altera_merlin_arbitrator.sv
Info (12250): Sdram_s1_rsp_width_adapter: "mm_interconnect_0" instantiated altera_merlin_width_adapter "sdram_s1_rsp_width_adapter"
Info (12250): Reusing file C:/Users/tofu42/Documents/MP3Player/db/ip/mp3player_soc/submodules/altera_merlin_address_alignment.sv
Info (12250): Reusing file C:/Users/tofu42/Documents/MP3Player/db/ip/mp3player_soc/submodules/altera_merlin_burst_uncompressor.sv
Info (12250): Crosser: "mm_interconnect_0" instantiated altera_avalon_st_handshake_clock_crosser "crosser"
Info (12250): Reusing file C:/Users/tofu42/Documents/MP3Player/db/ip/mp3player_soc/submodules/altera_avalon_st_pipeline_base.v
Info (12250): Avalon_st_adapter: "mm_interconnect_0" instantiated altera_avalon_st_adapter "avalon_st_adapter"
Info (12250): Avalon_st_adapter_005: "mm_interconnect_0" instantiated altera_avalon_st_adapter "avalon_st_adapter_005"
Info (12250): Error_adapter_0: "avalon_st_adapter" instantiated error_adapter "error_adapter_0"
Info (12250): Error_adapter_0: "avalon_st_adapter_005" instantiated error_adapter "error_adapter_0"
Info (12250): Mp3player_soc: Done "mp3player_soc" with 30 modules, 65 files
Info (12249): Finished elaborating Platform Designer system entity "mp3player_soc.qsys"
Info (12021): Found 1 design units, including 1 entities, in source file lab61.sv
    Info (12023): Found entity 1: lab61 File: C:/Users/tofu42/Documents/MP3Player/lab61.sv Line: 11
Info (12021): Found 0 design units, including 0 entities, in source file mp3player.sv
Info (12021): Found 1 design units, including 1 entities, in source file db/ip/mp3player_soc/mp3player_soc.v
    Info (12023): Found entity 1: mp3player_soc File: C:/Users/tofu42/Documents/MP3Player/db/ip/mp3player_soc/mp3player_soc.v Line: 6
Info (12021): Found 1 design units, including 1 entities, in source file db/ip/mp3player_soc/submodules/altera_avalon_i2c.v
    Info (12023): Found entity 1: altera_avalon_i2c File: C:/Users/tofu42/Documents/MP3Player/db/ip/mp3player_soc/submodules/altera_avalon_i2c.v Line: 18
Info (12021): Found 1 design units, including 1 entities, in source file db/ip/mp3player_soc/submodules/altera_avalon_i2c_clk_cnt.v
    Info (12023): Found entity 1: altera_avalon_i2c_clk_cnt File: C:/Users/tofu42/Documents/MP3Player/db/ip/mp3player_soc/submodules/altera_avalon_i2c_clk_cnt.v Line: 18
Info (12021): Found 1 design units, including 1 entities, in source file db/ip/mp3player_soc/submodules/altera_avalon_i2c_condt_det.v
    Info (12023): Found entity 1: altera_avalon_i2c_condt_det File: C:/Users/tofu42/Documents/MP3Player/db/ip/mp3player_soc/submodules/altera_avalon_i2c_condt_det.v Line: 18
Info (12021): Found 1 design units, including 1 entities, in source file db/ip/mp3player_soc/submodules/altera_avalon_i2c_condt_gen.v
    Info (12023): Found entity 1: altera_avalon_i2c_condt_gen File: C:/Users/tofu42/Documents/MP3Player/db/ip/mp3player_soc/submodules/altera_avalon_i2c_condt_gen.v Line: 18
Info (12021): Found 1 design units, including 1 entities, in source file db/ip/mp3player_soc/submodules/altera_avalon_i2c_csr.v
    Info (12023): Found entity 1: altera_avalon_i2c_csr File: C:/Users/tofu42/Documents/MP3Player/db/ip/mp3player_soc/submodules/altera_avalon_i2c_csr.v Line: 18
Info (12021): Found 1 design units, including 1 entities, in source file db/ip/mp3player_soc/submodules/altera_avalon_i2c_fifo.v
    Info (12023): Found entity 1: altera_avalon_i2c_fifo File: C:/Users/tofu42/Documents/MP3Player/db/ip/mp3player_soc/submodules/altera_avalon_i2c_fifo.v Line: 18
Info (12021): Found 1 design units, including 1 entities, in source file db/ip/mp3player_soc/submodules/altera_avalon_i2c_mstfsm.v
    Info (12023): Found entity 1: altera_avalon_i2c_mstfsm File: C:/Users/tofu42/Documents/MP3Player/db/ip/mp3player_soc/submodules/altera_avalon_i2c_mstfsm.v Line: 18
Info (12021): Found 1 design units, including 1 entities, in source file db/ip/mp3player_soc/submodules/altera_avalon_i2c_rxshifter.v
    Info (12023): Found entity 1: altera_avalon_i2c_rxshifter File: C:/Users/tofu42/Documents/MP3Player/db/ip/mp3player_soc/submodules/altera_avalon_i2c_rxshifter.v Line: 18
Info (12021): Found 1 design units, including 1 entities, in source file db/ip/mp3player_soc/submodules/altera_avalon_i2c_spksupp.v
    Info (12023): Found entity 1: altera_avalon_i2c_spksupp File: C:/Users/tofu42/Documents/MP3Player/db/ip/mp3player_soc/submodules/altera_avalon_i2c_spksupp.v Line: 18
Info (12021): Found 1 design units, including 1 entities, in source file db/ip/mp3player_soc/submodules/altera_avalon_i2c_txout.v
    Info (12023): Found entity 1: altera_avalon_i2c_txout File: C:/Users/tofu42/Documents/MP3Player/db/ip/mp3player_soc/submodules/altera_avalon_i2c_txout.v Line: 18
Info (12021): Found 1 design units, including 1 entities, in source file db/ip/mp3player_soc/submodules/altera_avalon_i2c_txshifter.v
    Info (12023): Found entity 1: altera_avalon_i2c_txshifter File: C:/Users/tofu42/Documents/MP3Player/db/ip/mp3player_soc/submodules/altera_avalon_i2c_txshifter.v Line: 18
Info (12021): Found 1 design units, including 1 entities, in source file db/ip/mp3player_soc/submodules/altera_avalon_sc_fifo.v
    Info (12023): Found entity 1: altera_avalon_sc_fifo File: C:/Users/tofu42/Documents/MP3Player/db/ip/mp3player_soc/submodules/altera_avalon_sc_fifo.v Line: 21
Info (12021): Found 1 design units, including 1 entities, in source file db/ip/mp3player_soc/submodules/altera_avalon_st_clock_crosser.v
    Info (12023): Found entity 1: altera_avalon_st_clock_crosser File: C:/Users/tofu42/Documents/MP3Player/db/ip/mp3player_soc/submodules/altera_avalon_st_clock_crosser.v Line: 22
Info (12021): Found 1 design units, including 1 entities, in source file db/ip/mp3player_soc/submodules/altera_avalon_st_handshake_clock_crosser.v
    Info (12023): Found entity 1: altera_avalon_st_handshake_clock_crosser File: C:/Users/tofu42/Documents/MP3Player/db/ip/mp3player_soc/submodules/altera_avalon_st_handshake_clock_crosser.v Line: 24
Info (12021): Found 1 design units, including 1 entities, in source file db/ip/mp3player_soc/submodules/altera_avalon_st_pipeline_base.v
    Info (12023): Found entity 1: altera_avalon_st_pipeline_base File: C:/Users/tofu42/Documents/MP3Player/db/ip/mp3player_soc/submodules/altera_avalon_st_pipeline_base.v Line: 22
Info (12021): Found 1 design units, including 1 entities, in source file db/ip/mp3player_soc/submodules/altera_avalon_st_pipeline_stage.sv
    Info (12023): Found entity 1: altera_avalon_st_pipeline_stage File: C:/Users/tofu42/Documents/MP3Player/db/ip/mp3player_soc/submodules/altera_avalon_st_pipeline_stage.sv Line: 22
Info (12021): Found 1 design units, including 1 entities, in source file db/ip/mp3player_soc/submodules/altera_default_burst_converter.sv
    Info (12023): Found entity 1: altera_default_burst_converter File: C:/Users/tofu42/Documents/MP3Player/db/ip/mp3player_soc/submodules/altera_default_burst_converter.sv Line: 30
Info (12021): Found 1 design units, including 1 entities, in source file db/ip/mp3player_soc/submodules/altera_incr_burst_converter.sv
    Info (12023): Found entity 1: altera_incr_burst_converter File: C:/Users/tofu42/Documents/MP3Player/db/ip/mp3player_soc/submodules/altera_incr_burst_converter.sv Line: 28
Info (12021): Found 1 design units, including 1 entities, in source file db/ip/mp3player_soc/submodules/altera_merlin_address_alignment.sv
    Info (12023): Found entity 1: altera_merlin_address_alignment File: C:/Users/tofu42/Documents/MP3Player/db/ip/mp3player_soc/submodules/altera_merlin_address_alignment.sv Line: 26
Info (12021): Found 2 design units, including 2 entities, in source file db/ip/mp3player_soc/submodules/altera_merlin_arbitrator.sv
    Info (12023): Found entity 1: altera_merlin_arbitrator File: C:/Users/tofu42/Documents/MP3Player/db/ip/mp3player_soc/submodules/altera_merlin_arbitrator.sv Line: 103
    Info (12023): Found entity 2: altera_merlin_arb_adder File: C:/Users/tofu42/Documents/MP3Player/db/ip/mp3player_soc/submodules/altera_merlin_arbitrator.sv Line: 228
Info (12021): Found 1 design units, including 1 entities, in source file db/ip/mp3player_soc/submodules/altera_merlin_burst_adapter.sv
    Info (12023): Found entity 1: altera_merlin_burst_adapter File: C:/Users/tofu42/Documents/MP3Player/db/ip/mp3player_soc/submodules/altera_merlin_burst_adapter.sv Line: 21
Info (12021): Found 5 design units, including 5 entities, in source file db/ip/mp3player_soc/submodules/altera_merlin_burst_adapter_13_1.sv
    Info (12023): Found entity 1: altera_merlin_burst_adapter_burstwrap_increment File: C:/Users/tofu42/Documents/MP3Player/db/ip/mp3player_soc/submodules/altera_merlin_burst_adapter_13_1.sv Line: 40
    Info (12023): Found entity 2: altera_merlin_burst_adapter_adder File: C:/Users/tofu42/Documents/MP3Player/db/ip/mp3player_soc/submodules/altera_merlin_burst_adapter_13_1.sv Line: 55
    Info (12023): Found entity 3: altera_merlin_burst_adapter_subtractor File: C:/Users/tofu42/Documents/MP3Player/db/ip/mp3player_soc/submodules/altera_merlin_burst_adapter_13_1.sv Line: 77
    Info (12023): Found entity 4: altera_merlin_burst_adapter_min File: C:/Users/tofu42/Documents/MP3Player/db/ip/mp3player_soc/submodules/altera_merlin_burst_adapter_13_1.sv Line: 98
    Info (12023): Found entity 5: altera_merlin_burst_adapter_13_1 File: C:/Users/tofu42/Documents/MP3Player/db/ip/mp3player_soc/submodules/altera_merlin_burst_adapter_13_1.sv Line: 264
Info (12021): Found 1 design units, including 1 entities, in source file db/ip/mp3player_soc/submodules/altera_merlin_burst_adapter_new.sv
    Info (12023): Found entity 1: altera_merlin_burst_adapter_new File: C:/Users/tofu42/Documents/MP3Player/db/ip/mp3player_soc/submodules/altera_merlin_burst_adapter_new.sv Line: 25
Info (12021): Found 1 design units, including 1 entities, in source file db/ip/mp3player_soc/submodules/altera_merlin_burst_adapter_uncmpr.sv
    Info (12023): Found entity 1: altera_merlin_burst_adapter_uncompressed_only File: C:/Users/tofu42/Documents/MP3Player/db/ip/mp3player_soc/submodules/altera_merlin_burst_adapter_uncmpr.sv Line: 39
Info (12021): Found 1 design units, including 1 entities, in source file db/ip/mp3player_soc/submodules/altera_merlin_burst_uncompressor.sv
    Info (12023): Found entity 1: altera_merlin_burst_uncompressor File: C:/Users/tofu42/Documents/MP3Player/db/ip/mp3player_soc/submodules/altera_merlin_burst_uncompressor.sv Line: 40
Info (12021): Found 1 design units, including 1 entities, in source file db/ip/mp3player_soc/submodules/altera_merlin_master_agent.sv
    Info (12023): Found entity 1: altera_merlin_master_agent File: C:/Users/tofu42/Documents/MP3Player/db/ip/mp3player_soc/submodules/altera_merlin_master_agent.sv Line: 28
Info (12021): Found 1 design units, including 1 entities, in source file db/ip/mp3player_soc/submodules/altera_merlin_master_translator.sv
    Info (12023): Found entity 1: altera_merlin_master_translator File: C:/Users/tofu42/Documents/MP3Player/db/ip/mp3player_soc/submodules/altera_merlin_master_translator.sv Line: 32
Info (12021): Found 1 design units, including 1 entities, in source file db/ip/mp3player_soc/submodules/altera_merlin_slave_agent.sv
    Info (12023): Found entity 1: altera_merlin_slave_agent File: C:/Users/tofu42/Documents/MP3Player/db/ip/mp3player_soc/submodules/altera_merlin_slave_agent.sv Line: 34
Info (12021): Found 1 design units, including 1 entities, in source file db/ip/mp3player_soc/submodules/altera_merlin_slave_translator.sv
    Info (12023): Found entity 1: altera_merlin_slave_translator File: C:/Users/tofu42/Documents/MP3Player/db/ip/mp3player_soc/submodules/altera_merlin_slave_translator.sv Line: 35
Info (12021): Found 1 design units, including 1 entities, in source file db/ip/mp3player_soc/submodules/altera_merlin_width_adapter.sv
    Info (12023): Found entity 1: altera_merlin_width_adapter File: C:/Users/tofu42/Documents/MP3Player/db/ip/mp3player_soc/submodules/altera_merlin_width_adapter.sv Line: 25
Info (12021): Found 1 design units, including 1 entities, in source file db/ip/mp3player_soc/submodules/altera_reset_controller.v
    Info (12023): Found entity 1: altera_reset_controller File: C:/Users/tofu42/Documents/MP3Player/db/ip/mp3player_soc/submodules/altera_reset_controller.v Line: 42
Info (12021): Found 1 design units, including 1 entities, in source file db/ip/mp3player_soc/submodules/altera_reset_synchronizer.v
    Info (12023): Found entity 1: altera_reset_synchronizer File: C:/Users/tofu42/Documents/MP3Player/db/ip/mp3player_soc/submodules/altera_reset_synchronizer.v Line: 24
Info (12021): Found 1 design units, including 1 entities, in source file db/ip/mp3player_soc/submodules/altera_std_synchronizer_nocut.v
    Info (12023): Found entity 1: altera_std_synchronizer_nocut File: C:/Users/tofu42/Documents/MP3Player/db/ip/mp3player_soc/submodules/altera_std_synchronizer_nocut.v Line: 44
Info (12021): Found 1 design units, including 1 entities, in source file db/ip/mp3player_soc/submodules/altera_wrap_burst_converter.sv
    Info (12023): Found entity 1: altera_wrap_burst_converter File: C:/Users/tofu42/Documents/MP3Player/db/ip/mp3player_soc/submodules/altera_wrap_burst_converter.sv Line: 27
Info (12021): Found 4 design units, including 4 entities, in source file db/ip/mp3player_soc/submodules/mp3player_soc_altpll_0.v
    Info (12023): Found entity 1: mp3player_soc_altpll_0_dffpipe_l2c File: C:/Users/tofu42/Documents/MP3Player/db/ip/mp3player_soc/submodules/mp3player_soc_altpll_0.v Line: 37
    Info (12023): Found entity 2: mp3player_soc_altpll_0_stdsync_sv6 File: C:/Users/tofu42/Documents/MP3Player/db/ip/mp3player_soc/submodules/mp3player_soc_altpll_0.v Line: 98
    Info (12023): Found entity 3: mp3player_soc_altpll_0_altpll_vg92 File: C:/Users/tofu42/Documents/MP3Player/db/ip/mp3player_soc/submodules/mp3player_soc_altpll_0.v Line: 130
    Info (12023): Found entity 4: mp3player_soc_altpll_0 File: C:/Users/tofu42/Documents/MP3Player/db/ip/mp3player_soc/submodules/mp3player_soc_altpll_0.v Line: 217
Info (12021): Found 1 design units, including 1 entities, in source file db/ip/mp3player_soc/submodules/mp3player_soc_irq_mapper.sv
    Info (12023): Found entity 1: mp3player_soc_irq_mapper File: C:/Users/tofu42/Documents/MP3Player/db/ip/mp3player_soc/submodules/mp3player_soc_irq_mapper.sv Line: 31
Info (12021): Found 1 design units, including 1 entities, in source file db/ip/mp3player_soc/submodules/mp3player_soc_mm_interconnect_0.v
    Info (12023): Found entity 1: mp3player_soc_mm_interconnect_0 File: C:/Users/tofu42/Documents/MP3Player/db/ip/mp3player_soc/submodules/mp3player_soc_mm_interconnect_0.v Line: 9
Info (12021): Found 1 design units, including 1 entities, in source file db/ip/mp3player_soc/submodules/mp3player_soc_mm_interconnect_0_avalon_st_adapter.v
    Info (12023): Found entity 1: mp3player_soc_mm_interconnect_0_avalon_st_adapter File: C:/Users/tofu42/Documents/MP3Player/db/ip/mp3player_soc/submodules/mp3player_soc_mm_interconnect_0_avalon_st_adapter.v Line: 9
Info (12021): Found 1 design units, including 1 entities, in source file db/ip/mp3player_soc/submodules/mp3player_soc_mm_interconnect_0_avalon_st_adapter_005.v
    Info (12023): Found entity 1: mp3player_soc_mm_interconnect_0_avalon_st_adapter_005 File: C:/Users/tofu42/Documents/MP3Player/db/ip/mp3player_soc/submodules/mp3player_soc_mm_interconnect_0_avalon_st_adapter_005.v Line: 9
Info (12021): Found 1 design units, including 1 entities, in source file db/ip/mp3player_soc/submodules/mp3player_soc_mm_interconnect_0_avalon_st_adapter_005_error_adapter_0.sv
    Info (12023): Found entity 1: mp3player_soc_mm_interconnect_0_avalon_st_adapter_005_error_adapter_0 File: C:/Users/tofu42/Documents/MP3Player/db/ip/mp3player_soc/submodules/mp3player_soc_mm_interconnect_0_avalon_st_adapter_005_error_adapter_0.sv Line: 66
Info (12021): Found 1 design units, including 1 entities, in source file db/ip/mp3player_soc/submodules/mp3player_soc_mm_interconnect_0_avalon_st_adapter_error_adapter_0.sv
    Info (12023): Found entity 1: mp3player_soc_mm_interconnect_0_avalon_st_adapter_error_adapter_0 File: C:/Users/tofu42/Documents/MP3Player/db/ip/mp3player_soc/submodules/mp3player_soc_mm_interconnect_0_avalon_st_adapter_error_adapter_0.sv Line: 66
Info (12021): Found 1 design units, including 1 entities, in source file db/ip/mp3player_soc/submodules/mp3player_soc_mm_interconnect_0_cmd_demux.sv
    Info (12023): Found entity 1: mp3player_soc_mm_interconnect_0_cmd_demux File: C:/Users/tofu42/Documents/MP3Player/db/ip/mp3player_soc/submodules/mp3player_soc_mm_interconnect_0_cmd_demux.sv Line: 43
Info (12021): Found 1 design units, including 1 entities, in source file db/ip/mp3player_soc/submodules/mp3player_soc_mm_interconnect_0_cmd_mux.sv
    Info (12023): Found entity 1: mp3player_soc_mm_interconnect_0_cmd_mux File: C:/Users/tofu42/Documents/MP3Player/db/ip/mp3player_soc/submodules/mp3player_soc_mm_interconnect_0_cmd_mux.sv Line: 51
Info (12021): Found 2 design units, including 2 entities, in source file db/ip/mp3player_soc/submodules/mp3player_soc_mm_interconnect_0_router.sv
    Info (12023): Found entity 1: mp3player_soc_mm_interconnect_0_router_default_decode File: C:/Users/tofu42/Documents/MP3Player/db/ip/mp3player_soc/submodules/mp3player_soc_mm_interconnect_0_router.sv Line: 45
    Info (12023): Found entity 2: mp3player_soc_mm_interconnect_0_router File: C:/Users/tofu42/Documents/MP3Player/db/ip/mp3player_soc/submodules/mp3player_soc_mm_interconnect_0_router.sv Line: 84
Info (12021): Found 2 design units, including 2 entities, in source file db/ip/mp3player_soc/submodules/mp3player_soc_mm_interconnect_0_router_002.sv
    Info (12023): Found entity 1: mp3player_soc_mm_interconnect_0_router_002_default_decode File: C:/Users/tofu42/Documents/MP3Player/db/ip/mp3player_soc/submodules/mp3player_soc_mm_interconnect_0_router_002.sv Line: 45
    Info (12023): Found entity 2: mp3player_soc_mm_interconnect_0_router_002 File: C:/Users/tofu42/Documents/MP3Player/db/ip/mp3player_soc/submodules/mp3player_soc_mm_interconnect_0_router_002.sv Line: 84
Info (12021): Found 2 design units, including 2 entities, in source file db/ip/mp3player_soc/submodules/mp3player_soc_mm_interconnect_0_router_007.sv
    Info (12023): Found entity 1: mp3player_soc_mm_interconnect_0_router_007_default_decode File: C:/Users/tofu42/Documents/MP3Player/db/ip/mp3player_soc/submodules/mp3player_soc_mm_interconnect_0_router_007.sv Line: 45
    Info (12023): Found entity 2: mp3player_soc_mm_interconnect_0_router_007 File: C:/Users/tofu42/Documents/MP3Player/db/ip/mp3player_soc/submodules/mp3player_soc_mm_interconnect_0_router_007.sv Line: 84
Info (12021): Found 1 design units, including 1 entities, in source file db/ip/mp3player_soc/submodules/mp3player_soc_mm_interconnect_0_rsp_demux.sv
    Info (12023): Found entity 1: mp3player_soc_mm_interconnect_0_rsp_demux File: C:/Users/tofu42/Documents/MP3Player/db/ip/mp3player_soc/submodules/mp3player_soc_mm_interconnect_0_rsp_demux.sv Line: 43
Info (12021): Found 1 design units, including 1 entities, in source file db/ip/mp3player_soc/submodules/mp3player_soc_mm_interconnect_0_rsp_mux.sv
    Info (12023): Found entity 1: mp3player_soc_mm_interconnect_0_rsp_mux File: C:/Users/tofu42/Documents/MP3Player/db/ip/mp3player_soc/submodules/mp3player_soc_mm_interconnect_0_rsp_mux.sv Line: 51
Info (12021): Found 1 design units, including 1 entities, in source file db/ip/mp3player_soc/submodules/mp3player_soc_nios2_gen2_0.v
    Info (12023): Found entity 1: mp3player_soc_nios2_gen2_0 File: C:/Users/tofu42/Documents/MP3Player/db/ip/mp3player_soc/submodules/mp3player_soc_nios2_gen2_0.v Line: 9
Info (12021): Found 21 design units, including 21 entities, in source file db/ip/mp3player_soc/submodules/mp3player_soc_nios2_gen2_0_cpu.v
    Info (12023): Found entity 1: mp3player_soc_nios2_gen2_0_cpu_register_bank_a_module File: C:/Users/tofu42/Documents/MP3Player/db/ip/mp3player_soc/submodules/mp3player_soc_nios2_gen2_0_cpu.v Line: 21
    Info (12023): Found entity 2: mp3player_soc_nios2_gen2_0_cpu_register_bank_b_module File: C:/Users/tofu42/Documents/MP3Player/db/ip/mp3player_soc/submodules/mp3player_soc_nios2_gen2_0_cpu.v Line: 87
    Info (12023): Found entity 3: mp3player_soc_nios2_gen2_0_cpu_nios2_oci_debug File: C:/Users/tofu42/Documents/MP3Player/db/ip/mp3player_soc/submodules/mp3player_soc_nios2_gen2_0_cpu.v Line: 153
    Info (12023): Found entity 4: mp3player_soc_nios2_gen2_0_cpu_nios2_oci_break File: C:/Users/tofu42/Documents/MP3Player/db/ip/mp3player_soc/submodules/mp3player_soc_nios2_gen2_0_cpu.v Line: 295
    Info (12023): Found entity 5: mp3player_soc_nios2_gen2_0_cpu_nios2_oci_xbrk File: C:/Users/tofu42/Documents/MP3Player/db/ip/mp3player_soc/submodules/mp3player_soc_nios2_gen2_0_cpu.v Line: 588
    Info (12023): Found entity 6: mp3player_soc_nios2_gen2_0_cpu_nios2_oci_dbrk File: C:/Users/tofu42/Documents/MP3Player/db/ip/mp3player_soc/submodules/mp3player_soc_nios2_gen2_0_cpu.v Line: 795
    Info (12023): Found entity 7: mp3player_soc_nios2_gen2_0_cpu_nios2_oci_itrace File: C:/Users/tofu42/Documents/MP3Player/db/ip/mp3player_soc/submodules/mp3player_soc_nios2_gen2_0_cpu.v Line: 982
    Info (12023): Found entity 8: mp3player_soc_nios2_gen2_0_cpu_nios2_oci_td_mode File: C:/Users/tofu42/Documents/MP3Player/db/ip/mp3player_soc/submodules/mp3player_soc_nios2_gen2_0_cpu.v Line: 1115
    Info (12023): Found entity 9: mp3player_soc_nios2_gen2_0_cpu_nios2_oci_dtrace File: C:/Users/tofu42/Documents/MP3Player/db/ip/mp3player_soc/submodules/mp3player_soc_nios2_gen2_0_cpu.v Line: 1183
    Info (12023): Found entity 10: mp3player_soc_nios2_gen2_0_cpu_nios2_oci_compute_input_tm_cnt File: C:/Users/tofu42/Documents/MP3Player/db/ip/mp3player_soc/submodules/mp3player_soc_nios2_gen2_0_cpu.v Line: 1265
    Info (12023): Found entity 11: mp3player_soc_nios2_gen2_0_cpu_nios2_oci_fifo_wrptr_inc File: C:/Users/tofu42/Documents/MP3Player/db/ip/mp3player_soc/submodules/mp3player_soc_nios2_gen2_0_cpu.v Line: 1337
    Info (12023): Found entity 12: mp3player_soc_nios2_gen2_0_cpu_nios2_oci_fifo_cnt_inc File: C:/Users/tofu42/Documents/MP3Player/db/ip/mp3player_soc/submodules/mp3player_soc_nios2_gen2_0_cpu.v Line: 1380
    Info (12023): Found entity 13: mp3player_soc_nios2_gen2_0_cpu_nios2_oci_fifo File: C:/Users/tofu42/Documents/MP3Player/db/ip/mp3player_soc/submodules/mp3player_soc_nios2_gen2_0_cpu.v Line: 1427
    Info (12023): Found entity 14: mp3player_soc_nios2_gen2_0_cpu_nios2_oci_pib File: C:/Users/tofu42/Documents/MP3Player/db/ip/mp3player_soc/submodules/mp3player_soc_nios2_gen2_0_cpu.v Line: 1913
    Info (12023): Found entity 15: mp3player_soc_nios2_gen2_0_cpu_nios2_oci_im File: C:/Users/tofu42/Documents/MP3Player/db/ip/mp3player_soc/submodules/mp3player_soc_nios2_gen2_0_cpu.v Line: 1936
    Info (12023): Found entity 16: mp3player_soc_nios2_gen2_0_cpu_nios2_performance_monitors File: C:/Users/tofu42/Documents/MP3Player/db/ip/mp3player_soc/submodules/mp3player_soc_nios2_gen2_0_cpu.v Line: 2006
    Info (12023): Found entity 17: mp3player_soc_nios2_gen2_0_cpu_nios2_avalon_reg File: C:/Users/tofu42/Documents/MP3Player/db/ip/mp3player_soc/submodules/mp3player_soc_nios2_gen2_0_cpu.v Line: 2023
    Info (12023): Found entity 18: mp3player_soc_nios2_gen2_0_cpu_ociram_sp_ram_module File: C:/Users/tofu42/Documents/MP3Player/db/ip/mp3player_soc/submodules/mp3player_soc_nios2_gen2_0_cpu.v Line: 2116
    Info (12023): Found entity 19: mp3player_soc_nios2_gen2_0_cpu_nios2_ocimem File: C:/Users/tofu42/Documents/MP3Player/db/ip/mp3player_soc/submodules/mp3player_soc_nios2_gen2_0_cpu.v Line: 2181
    Info (12023): Found entity 20: mp3player_soc_nios2_gen2_0_cpu_nios2_oci File: C:/Users/tofu42/Documents/MP3Player/db/ip/mp3player_soc/submodules/mp3player_soc_nios2_gen2_0_cpu.v Line: 2362
    Info (12023): Found entity 21: mp3player_soc_nios2_gen2_0_cpu File: C:/Users/tofu42/Documents/MP3Player/db/ip/mp3player_soc/submodules/mp3player_soc_nios2_gen2_0_cpu.v Line: 2834
Info (12021): Found 1 design units, including 1 entities, in source file db/ip/mp3player_soc/submodules/mp3player_soc_nios2_gen2_0_cpu_debug_slave_sysclk.v
    Info (12023): Found entity 1: mp3player_soc_nios2_gen2_0_cpu_debug_slave_sysclk File: C:/Users/tofu42/Documents/MP3Player/db/ip/mp3player_soc/submodules/mp3player_soc_nios2_gen2_0_cpu_debug_slave_sysclk.v Line: 21
Info (12021): Found 1 design units, including 1 entities, in source file db/ip/mp3player_soc/submodules/mp3player_soc_nios2_gen2_0_cpu_debug_slave_tck.v
    Info (12023): Found entity 1: mp3player_soc_nios2_gen2_0_cpu_debug_slave_tck File: C:/Users/tofu42/Documents/MP3Player/db/ip/mp3player_soc/submodules/mp3player_soc_nios2_gen2_0_cpu_debug_slave_tck.v Line: 21
Info (12021): Found 1 design units, including 1 entities, in source file db/ip/mp3player_soc/submodules/mp3player_soc_nios2_gen2_0_cpu_debug_slave_wrapper.v
    Info (12023): Found entity 1: mp3player_soc_nios2_gen2_0_cpu_debug_slave_wrapper File: C:/Users/tofu42/Documents/MP3Player/db/ip/mp3player_soc/submodules/mp3player_soc_nios2_gen2_0_cpu_debug_slave_wrapper.v Line: 21
Info (12021): Found 1 design units, including 1 entities, in source file db/ip/mp3player_soc/submodules/mp3player_soc_nios2_gen2_0_cpu_test_bench.v
    Info (12023): Found entity 1: mp3player_soc_nios2_gen2_0_cpu_test_bench File: C:/Users/tofu42/Documents/MP3Player/db/ip/mp3player_soc/submodules/mp3player_soc_nios2_gen2_0_cpu_test_bench.v Line: 21
Info (12021): Found 1 design units, including 1 entities, in source file db/ip/mp3player_soc/submodules/mp3player_soc_onchip_memory2_0.v
    Info (12023): Found entity 1: mp3player_soc_onchip_memory2_0 File: C:/Users/tofu42/Documents/MP3Player/db/ip/mp3player_soc/submodules/mp3player_soc_onchip_memory2_0.v Line: 21
Info (12021): Found 2 design units, including 2 entities, in source file db/ip/mp3player_soc/submodules/mp3player_soc_sdram.v
    Info (12023): Found entity 1: mp3player_soc_sdram_input_efifo_module File: C:/Users/tofu42/Documents/MP3Player/db/ip/mp3player_soc/submodules/mp3player_soc_sdram.v Line: 21
    Info (12023): Found entity 2: mp3player_soc_sdram File: C:/Users/tofu42/Documents/MP3Player/db/ip/mp3player_soc/submodules/mp3player_soc_sdram.v Line: 159
Info (12021): Found 1 design units, including 1 entities, in source file db/ip/mp3player_soc/submodules/mp3player_soc_sysid_qsys_0.v
    Info (12023): Found entity 1: mp3player_soc_sysid_qsys_0 File: C:/Users/tofu42/Documents/MP3Player/db/ip/mp3player_soc/submodules/mp3player_soc_sysid_qsys_0.v Line: 34
Info (12127): Elaborating entity "lab61" for the top level hierarchy
Error (12006): Node instance "m_lab61_soc" instantiates undefined entity "lab61soc". Ensure that required library paths are specified correctly, define the specified entity, or change the instantiation. If this entity represents Intel FPGA or third-party IP, generate the synthesis files for the IP. File: C:/Users/tofu42/Documents/MP3Player/lab61.sv Line: 47
Info (144001): Generated suppressed messages file C:/Users/tofu42/Documents/MP3Player/output_files/mp3player.map.smsg
Error: Quartus Prime Analysis & Synthesis was unsuccessful. 1 error, 2 warnings
    Error: Peak virtual memory: 4720 megabytes
    Error: Processing ended: Thu Nov 17 15:46:59 2022
    Error: Elapsed time: 00:01:12
    Error: Total CPU time (on all processors): 00:02:18


+------------------------------------------+
; Analysis & Synthesis Suppressed Messages ;
+------------------------------------------+
The suppressed messages can be found in C:/Users/tofu42/Documents/MP3Player/output_files/mp3player.map.smsg.


